#
# There is insufficient memory for the Java Runtime Environment to continue.
# Native memory allocation (mmap) failed to map 264241152 bytes for Failed to commit area from 0x0000000704200000 to 0x0000000713e00000 of length 264241152.
# Possible reasons:
#   The system is out of physical RAM or swap space
#   The process is running with CompressedOops enabled, and the Java Heap may be blocking the growth of the native heap
# Possible solutions:
#   Reduce memory load on the system
#   Increase physical memory or swap space
#   Check if swap backing store is full
#   Decrease Java heap size (-Xmx/-Xms)
#   Decrease number of Java threads
#   Decrease Java thread stack sizes (-Xss)
#   Set larger code cache with -XX:ReservedCodeCacheSize=
# This output file may be truncated or incomplete.
#
#  Out of Memory Error (./src/hotspot/os/windows/os_windows.cpp:3619), pid=7832, tid=5240
#
# JRE version:  (11.0.13) (build )
# Java VM: OpenJDK 64-Bit Server VM (11.0.13+0-b1751.21-8125866, mixed mode, sharing, tiered, compressed oops, g1 gc, windows-amd64)
# No core dump will be written. Minidumps are not enabled by default on client versions of Windows
#

---------------  S U M M A R Y ------------

Command Line: org.jetbrains.kotlin.cli.jvm.K2JVMCompiler @E:\android_projects_youtube\e_commerce\app\build\20230325_17822627122667591188.compiler.options

Host: 11th Gen Intel(R) Core(TM) i7-1165G7 @ 2.80GHz, 8 cores, 15G,  Windows 10 , 64 bit Build 19041 (10.0.19041.2546)
Time: Sat Mar 25 16:22:05 2023 Egypt Standard Time elapsed time: 0.008406 seconds (0d 0h 0m 0s)

---------------  T H R E A D  ---------------

Current thread (0x000001bff00a9000):  JavaThread "Unknown thread" [_thread_in_vm, id=5240, stack(0x0000006cb6100000,0x0000006cb6200000)]

Stack: [0x0000006cb6100000,0x0000006cb6200000]
Native frames: (J=compiled Java code, j=interpreted, Vv=VM code, C=native code)
V  [jvm.dll+0x6100fa]
V  [jvm.dll+0x747090]
V  [jvm.dll+0x7486ad]
V  [jvm.dll+0x748d83]
V  [jvm.dll+0x24ab48]
V  [jvm.dll+0x60d164]
V  [jvm.dll+0x601e75]
V  [jvm.dll+0x308bdb]
V  [jvm.dll+0x308b4a]
V  [jvm.dll+0x308a22]
V  [jvm.dll+0x30d986]
V  [jvm.dll+0x357093]
V  [jvm.dll+0x357796]
V  [jvm.dll+0x357193]
V  [jvm.dll+0x2e3448]
V  [jvm.dll+0x2e45f7]
V  [jvm.dll+0x7242e7]
V  [jvm.dll+0x725adc]
V  [jvm.dll+0x364629]
V  [jvm.dll+0x707cee]
V  [jvm.dll+0x3d2633]
V  [jvm.dll+0x3d4a21]
C  [jli.dll+0x536b]
C  [ucrtbase.dll+0x21bb2]
C  [KERNEL32.DLL+0x17614]
C  [ntdll.dll+0x526a1]


---------------  P R O C E S S  ---------------

Threads class SMR info:
_java_thread_list=0x000001bfefe225f0, length=0, elements={
}

Java Threads: ( => current thread )

Other Threads:
  0x000001bff00bf800 GCTaskThread "GC Thread#0" [stack: 0x0000006cb6200000,0x0000006cb6300000] [id=12968]
  0x000001bff011a000 ConcurrentGCThread "G1 Main Marker" [stack: 0x0000006cb6300000,0x0000006cb6400000] [id=19440]
  0x000001bff011d000 ConcurrentGCThread "G1 Conc#0" [stack: 0x0000006cb6400000,0x0000006cb6500000] [id=32]

[error occurred during error reporting (printing all threads), id 0xc0000005, EXCEPTION_ACCESS_VIOLATION (0xc0000005) at pc=0x00007ffe03fe3dd7]

VM state:not at safepoint (not fully initialized)

VM Mutex/Monitor currently owned by a thread:  ([mutex/lock_event])
[0x000001bff00a59c0] Heap_lock - owner thread: 0x000001bff00a9000

Heap address: 0x0000000704200000, size: 4030 MB, Compressed Oops mode: Non-zero based: 0x0000000704200000
Narrow klass base: 0x0000000000000000, Narrow klass shift: 0

GC Heap History (0 events):
No events

Deoptimization events (0 events):
No events

Classes redefined (0 events):
No events

Internal exceptions (0 events):
No events

Events (1 events):
Event: 0.005 Loaded shared library E:\android_studio\jre\bin\zip.dll


Dynamic libraries:
0x00007ff78b1a0000 - 0x00007ff78b1aa000 	E:\android_studio\jre\bin\java.exe
0x00007ffe62910000 - 0x00007ffe62b08000 	C:\Windows\SYSTEM32\ntdll.dll
0x00007ffe61530000 - 0x00007ffe615ef000 	C:\Windows\System32\KERNEL32.DLL
0x00007ffe60000000 - 0x00007ffe602d2000 	C:\Windows\System32\KERNELBASE.dll
0x00007ffe60500000 - 0x00007ffe60600000 	C:\Windows\System32\ucrtbase.dll
0x00007ffe3fe80000 - 0x00007ffe3fe99000 	E:\android_studio\jre\bin\jli.dll
0x00007ffe3ed70000 - 0x00007ffe3ed87000 	E:\android_studio\jre\bin\VCRUNTIME140.dll
0x00007ffe60c50000 - 0x00007ffe60df1000 	C:\Windows\System32\USER32.dll
0x00007ffe606a0000 - 0x00007ffe606c2000 	C:\Windows\System32\win32u.dll
0x00007ffe4c350000 - 0x00007ffe4c5ea000 	C:\Windows\WinSxS\amd64_microsoft.windows.common-controls_6595b64144ccf1df_6.0.19041.1110_none_60b5254171f9507e\COMCTL32.dll
0x00007ffe60b50000 - 0x00007ffe60b7b000 	C:\Windows\System32\GDI32.dll
0x00007ffe60a70000 - 0x00007ffe60b0e000 	C:\Windows\System32\msvcrt.dll
0x00007ffe60720000 - 0x00007ffe6082f000 	C:\Windows\System32\gdi32full.dll
0x00007ffe60600000 - 0x00007ffe6069d000 	C:\Windows\System32\msvcp_win.dll
0x00007ffe60b10000 - 0x00007ffe60b42000 	C:\Windows\System32\IMM32.DLL
0x00007ffe218a0000 - 0x00007ffe2193d000 	E:\android_studio\jre\bin\msvcp140.dll
0x00007ffe03cf0000 - 0x00007ffe047f2000 	E:\android_studio\jre\bin\server\jvm.dll
0x00007ffe62030000 - 0x00007ffe620de000 	C:\Windows\System32\ADVAPI32.dll
0x00007ffe62830000 - 0x00007ffe628cc000 	C:\Windows\System32\sechost.dll
0x00007ffe613a0000 - 0x00007ffe614c5000 	C:\Windows\System32\RPCRT4.dll
0x00007ffe61ae0000 - 0x00007ffe61ae8000 	C:\Windows\System32\PSAPI.DLL
0x00007ffe56b20000 - 0x00007ffe56b2a000 	C:\Windows\SYSTEM32\VERSION.dll
0x00007ffe58860000 - 0x00007ffe58869000 	C:\Windows\SYSTEM32\WSOCK32.dll
0x00007ffe49fc0000 - 0x00007ffe49fe7000 	C:\Windows\SYSTEM32\WINMM.dll
0x00007ffe61330000 - 0x00007ffe6139b000 	C:\Windows\System32\WS2_32.dll
0x00007ffe5e850000 - 0x00007ffe5e862000 	C:\Windows\SYSTEM32\kernel.appcore.dll
0x00007ffe55270000 - 0x00007ffe55281000 	E:\android_studio\jre\bin\verify.dll
0x00007ffe5e540000 - 0x00007ffe5e724000 	C:\Windows\SYSTEM32\DBGHELP.DLL
0x00007ffe406d0000 - 0x00007ffe40705000 	C:\Windows\SYSTEM32\dbgcore.DLL
0x00007ffe60310000 - 0x00007ffe60392000 	C:\Windows\System32\bcryptPrimitives.dll
0x00007ffe54e80000 - 0x00007ffe54ea9000 	E:\android_studio\jre\bin\java.dll
0x00007ffe58850000 - 0x00007ffe5885b000 	E:\android_studio\jre\bin\jimage.dll
0x00007ffe52170000 - 0x00007ffe52188000 	E:\android_studio\jre\bin\zip.dll

dbghelp: loaded successfully - version: 4.0.5 - missing functions: none
symbol engine: initialized successfully - sym options: 0x614 - pdb path: .;E:\android_studio\jre\bin;C:\Windows\SYSTEM32;C:\Windows\WinSxS\amd64_microsoft.windows.common-controls_6595b64144ccf1df_6.0.19041.1110_none_60b5254171f9507e;E:\android_studio\jre\bin\server

VM Arguments:
java_command: org.jetbrains.kotlin.cli.jvm.K2JVMCompiler @E:\android_projects_youtube\e_commerce\app\build\20230325_17822627122667591188.compiler.options
java_class_path (initial): C:\Users\menna\.gradle\caches\modules-2\files-2.1\org.jetbrains.kotlin\kotlin-compiler-embeddable\1.7.20\8db18559a581dd2c36ddfd5046af145650f5b126\kotlin-compiler-embeddable-1.7.20.jar;C:\Users\menna\.gradle\caches\modules-2\files-2.1\org.jetbrains.kotlin\kotlin-reflect\1.7.20\12b2501e33bb6373e8e347c86d85481863629381\kotlin-reflect-1.7.20.jar;C:\Users\menna\.gradle\caches\modules-2\files-2.1\org.jetbrains.kotlin\kotlin-stdlib\1.7.20\726594ea9ba2beb2ee113647fefa9a10f9fabe52\kotlin-stdlib-1.7.20.jar;C:\Users\menna\.gradle\caches\modules-2\files-2.1\org.jetbrains.kotlin\kotlin-script-runtime\1.7.20\bcd1cc6f865e632550357fcc59f5ffd532615a8\kotlin-script-runtime-1.7.20.jar;C:\Users\menna\.gradle\caches\modules-2\files-2.1\org.jetbrains.kotlin\kotlin-daemon-embeddable\1.7.20\1e24355adad8d529d75d5b19eab55484057431ba\kotlin-daemon-embeddable-1.7.20.jar;C:\Users\menna\.gradle\caches\modules-2\files-2.1\org.jetbrains.intellij.deps\trove4j\1.0.20200330\3afb14d5f9ceb459d724e907a21145e8ff394f02\trove4j-1.0.20200330.jar;C:\Users\menna\.gradle\caches\modules-2\files-2.1\net.java.dev.jna\jna\5.6.0\330f2244e9030119ab3030fc3fededc86713d9cc\jna-5.6.0.jar;C:\Users\menna\.gradle\caches\modules-2\files-2.1\org.jetbrains.kotlin\kotlin-stdlib-common\1.7.20\e15351bdaf9fa06f009be5da7a202e4184f00ae3\kotlin-stdlib-common-1.7.20.jar;C:\Users\menna\.gradle\caches\modules-2\files-2.1\org.jetbrains\annotations\13.0\919f0dfe192fb4e063e7dacadee7f8bb9a2672a9\annotations-13.0.jar
Launcher Type: SUN_STANDARD

[Global flags]
     intx CICompilerCount                          = 4                                         {product} {ergonomic}
     uint ConcGCThreads                            = 2                                         {product} {ergonomic}
     uint G1ConcRefinementThreads                  = 8                                         {product} {ergonomic}
   size_t G1HeapRegionSize                         = 1048576                                   {product} {ergonomic}
    uintx GCDrainStackTargetSize                   = 64                                        {product} {ergonomic}
   size_t InitialHeapSize                          = 264241152                                 {product} {ergonomic}
   size_t MarkStackSize                            = 4194304                                   {product} {ergonomic}
   size_t MaxHeapSize                              = 4225761280                                {product} {ergonomic}
   size_t MinHeapDeltaBytes                        = 1048576                                   {product} {ergonomic}
    uintx NonNMethodCodeHeapSize                   = 5836300                                {pd product} {ergonomic}
    uintx NonProfiledCodeHeapSize                  = 122910970                              {pd product} {ergonomic}
    uintx ProfiledCodeHeapSize                     = 122910970                              {pd product} {ergonomic}
    uintx ReservedCodeCacheSize                    = 251658240                              {pd product} {ergonomic}
     bool SegmentedCodeCache                       = true                                      {product} {ergonomic}
     bool UseCompressedClassPointers               = true                                 {lp64_product} {ergonomic}
     bool UseCompressedOops                        = true                                 {lp64_product} {ergonomic}
     bool UseG1GC                                  = true                                      {product} {ergonomic}
     bool UseLargePagesIndividualAllocation        = false                                  {pd product} {ergonomic}

Logging:
Log output configuration:
 #0: stdout all=warning uptime,level,tags
 #1: stderr all=off uptime,level,tags

Environment Variables:
PATH=C:\Program Files\Common Files\Oracle\Java\javapath;C:\Windows\system32;C:\Windows;C:\Windows\System32\Wbem;C:\Windows\System32\WindowsPowerShell\v1.0\;C:\Windows\System32\OpenSSH\;C:\Program Files\dotnet\;C:\Program Files\Git\cmd;C:\Users\menna\AppData\Local\Microsoft\WindowsApps;C:\sqlite;C:\Users\menna\AppData\Local\GitHubDesktop\bin
USERNAME=menna
OS=Windows_NT
PROCESSOR_IDENTIFIER=Intel64 Family 6 Model 140 Stepping 1, GenuineIntel



---------------  S Y S T E M  ---------------

OS: Windows 10 , 64 bit Build 19041 (10.0.19041.2546)
OS uptime: 30 days 3:39 hours

CPU:total 8 (initial active 8) (4 cores per cpu, 2 threads per core) family 6 model 140 stepping 1 microcode 0xa4, cmov, cx8, fxsr, mmx, sse, sse2, sse3, ssse3, sse4.1, sse4.2, popcnt, avx, avx2, aes, clmul, erms, 3dnowpref, lzcnt, ht, tsc, tscinvbit, bmi1, bmi2, adx, evex, sha, fma

Memory: 4k page, system-wide physical 16118M (1317M free)
TotalPageFile size 37271M (AvailPageFile size 41M)
current process WorkingSet (physical memory assigned to process): 10M, peak: 10M
current process commit charge ("private bytes"): 60M, peak: 312M

vm_info: OpenJDK 64-Bit Server VM (11.0.13+0-b1751.21-8125866) for windows-amd64 JRE (11.0.13+0-b1751.21-8125866), built on Feb  2 2022 03:00:22 by "builder" with MS VC++ 14.0 (VS2015)

END.
